<?xml version="1.0" encoding="UTF-8"?>
<!-- Generated by org.testng.reporters.JUnitReportReporter -->
<testsuite hostname="DESKTOP-C4OQOSI" failures="0" tests="2" name="Selenium.testcases.testcases" time="1.348" errors="0" timestamp="17 Jul 2024 10:04:34 GMT">
  <testcase classname="Selenium.testcases.testcases" name="TC01" time="1.346"/>
  <testcase classname="Selenium.testcases.testcases" name="TC02" time="0.002"/>
</testsuite> <!-- Selenium.testcases.testcases -->
